<?xml version="1.0" encoding="UTF-8"?>
<!-- Generated by org.testng.reporters.JUnitXMLReporter -->
<testsuite ignored="0" hostname="Gopis-MacBook-Pro.local" failures="0" tests="0" name="JUnitTests" time="0.132" errors="0" timestamp="2023-03-10T18:30:20 IST">
</testsuite> <!-- JUnitTests -->
